{
  "RSpec": {
    "coverage": {
      "/Users/elifuchsman/Turing/mod3_directory/projects/lunch_and_learn/config/environment.rb": {
        "lines": [
          null,
          1,
          null,
          null,
          1
        ]
      },
      "/Users/elifuchsman/Turing/mod3_directory/projects/lunch_and_learn/config/application.rb": {
        "lines": [
          1,
          null,
          1,
          null,
          1,
          1,
          1,
          1,
          1,
          1,
          1,
          1,
          null,
          null,
          null,
          null,
          null,
          1,
          null,
          1,
          1,
          null,
          1,
          null,
          null,
          null,
          null,
          null,
          null,
          null,
          null,
          null,
          1,
          null,
          null
        ]
      },
      "/Users/elifuchsman/Turing/mod3_directory/projects/lunch_and_learn/config/boot.rb": {
        "lines": [
          1,
          null,
          1,
          1
        ]
      },
      "/Users/elifuchsman/Turing/mod3_directory/projects/lunch_and_learn/config/environments/test.rb": {
        "lines": [
          1,
          null,
          null,
          null,
          null,
          null,
          null,
          1,
          null,
          null,
          null,
          null,
          1,
          null,
          null,
          1,
          1,
          null,
          null,
          null,
          null,
          1,
          1,
          null,
          null,
          1,
          null,
          null,
          1,
          null,
          null,
          1,
          null,
          1,
          null,
          null,
          null,
          null,
          1,
          null,
          null,
          1,
          null,
          null,
          null,
          null
        ]
      },
      "/Users/elifuchsman/Turing/mod3_directory/projects/lunch_and_learn/config/initializers/application_controller_renderer.rb": {
        "lines": [
          null,
          null,
          null,
          null,
          null,
          null,
          null,
          null
        ]
      },
      "/Users/elifuchsman/Turing/mod3_directory/projects/lunch_and_learn/config/initializers/backtrace_silencers.rb": {
        "lines": [
          null,
          null,
          null,
          null,
          null,
          null,
          null
        ]
      },
      "/Users/elifuchsman/Turing/mod3_directory/projects/lunch_and_learn/config/initializers/cors.rb": {
        "lines": [
          null,
          null,
          null,
          null,
          null,
          null,
          null,
          null,
          null,
          null,
          null,
          null,
          null,
          null,
          null,
          null
        ]
      },
      "/Users/elifuchsman/Turing/mod3_directory/projects/lunch_and_learn/config/initializers/filter_parameter_logging.rb": {
        "lines": [
          null,
          null,
          null,
          1
        ]
      },
      "/Users/elifuchsman/Turing/mod3_directory/projects/lunch_and_learn/config/initializers/inflections.rb": {
        "lines": [
          null,
          null,
          null,
          null,
          null,
          null,
          null,
          null,
          null,
          null,
          null,
          null,
          null,
          null,
          null,
          null
        ]
      },
      "/Users/elifuchsman/Turing/mod3_directory/projects/lunch_and_learn/config/initializers/mime_types.rb": {
        "lines": [
          null,
          null,
          null,
          null
        ]
      },
      "/Users/elifuchsman/Turing/mod3_directory/projects/lunch_and_learn/config/initializers/wrap_parameters.rb": {
        "lines": [
          null,
          null,
          null,
          null,
          null,
          null,
          1,
          2,
          null,
          null,
          null,
          null,
          null,
          null
        ]
      },
      "/Users/elifuchsman/Turing/mod3_directory/projects/lunch_and_learn/config/routes.rb": {
        "lines": [
          1,
          null,
          null,
          1,
          1,
          1,
          null,
          null,
          null
        ]
      },
      "/Users/elifuchsman/Turing/mod3_directory/projects/lunch_and_learn/app/facades/recipe_facade.rb": {
        "lines": [
          1,
          null,
          1,
          3,
          2,
          null,
          1,
          0,
          null,
          null,
          null,
          null
        ]
      },
      "/Users/elifuchsman/Turing/mod3_directory/projects/lunch_and_learn/spec/facades/rest_countries_facade_spec.rb": {
        "lines": [
          1,
          null,
          1,
          1,
          1,
          null,
          1,
          null,
          null,
          1,
          1,
          1,
          1,
          null,
          1,
          1,
          null,
          null,
          null,
          1,
          1,
          null,
          1,
          null,
          null,
          null,
          null
        ]
      },
      "/Users/elifuchsman/Turing/mod3_directory/projects/lunch_and_learn/app/facades/rest_countries_facade.rb": {
        "lines": [
          1,
          null,
          1,
          2,
          500,
          null,
          null,
          null,
          1,
          1,
          null,
          null
        ]
      },
      "/Users/elifuchsman/Turing/mod3_directory/projects/lunch_and_learn/spec/poros/recipe_spec.rb": {
        "lines": [
          1,
          null,
          1,
          1,
          null,
          null,
          1,
          null,
          null,
          null,
          null,
          null,
          null,
          1,
          null,
          1,
          1,
          1,
          1,
          1,
          null,
          null,
          null
        ]
      },
      "/Users/elifuchsman/Turing/mod3_directory/projects/lunch_and_learn/app/poros/recipe.rb": {
        "lines": [
          1,
          1,
          null,
          null,
          null,
          null,
          1,
          1,
          1,
          1,
          1,
          null,
          null
        ]
      },
      "/Users/elifuchsman/Turing/mod3_directory/projects/lunch_and_learn/spec/poros/rest_country_spec.rb": {
        "lines": [
          1,
          null,
          1,
          1,
          null,
          null,
          1,
          null,
          null,
          null,
          null,
          null,
          1,
          1,
          null,
          null
        ]
      },
      "/Users/elifuchsman/Turing/mod3_directory/projects/lunch_and_learn/app/poros/rest_country.rb": {
        "lines": [
          1,
          null,
          1,
          null,
          null,
          1,
          501,
          501,
          null,
          null
        ]
      },
      "/Users/elifuchsman/Turing/mod3_directory/projects/lunch_and_learn/spec/requests/recipes/get_spec.rb": {
        "lines": [
          1,
          null,
          1,
          1,
          1,
          1,
          1,
          null,
          1,
          null,
          1,
          0,
          0,
          0,
          0,
          null,
          0,
          0,
          0,
          0,
          null,
          0,
          0,
          0,
          null,
          0,
          0,
          0,
          0,
          null,
          0,
          0,
          0,
          0,
          null,
          null,
          null,
          1,
          1,
          1,
          null,
          1,
          null,
          1,
          0,
          null,
          0,
          0,
          null,
          0,
          0,
          null,
          null,
          null,
          1,
          1,
          1,
          1,
          1,
          null,
          1,
          1,
          1,
          1,
          null,
          null,
          null,
          1,
          1,
          1,
          1,
          1,
          null,
          1,
          1,
          1,
          null,
          1,
          1,
          1,
          1,
          null,
          1,
          1,
          1,
          null,
          1,
          1,
          1,
          1,
          null,
          1,
          1,
          1,
          1,
          null,
          null,
          1,
          1,
          1,
          1,
          1,
          null,
          1,
          1,
          1,
          1,
          null,
          null,
          null,
          null,
          null
        ]
      },
      "/Users/elifuchsman/Turing/mod3_directory/projects/lunch_and_learn/spec/services/edamam_service_spec.rb": {
        "lines": [
          1,
          null,
          1,
          1,
          1,
          null,
          1,
          null,
          null,
          1,
          1,
          1,
          1,
          null,
          1,
          1,
          0,
          0,
          null,
          null,
          null,
          null
        ]
      },
      "/Users/elifuchsman/Turing/mod3_directory/projects/lunch_and_learn/app/services/edamam_service.rb": {
        "lines": [
          1,
          null,
          1,
          5,
          null,
          null,
          1,
          5,
          5,
          null,
          null
        ]
      },
      "/Users/elifuchsman/Turing/mod3_directory/projects/lunch_and_learn/spec/services/rest_countries_service_spec.rb": {
        "lines": [
          1,
          null,
          1,
          1,
          null,
          1,
          null,
          1,
          null,
          null,
          1,
          1,
          1,
          null,
          1,
          1,
          1,
          null,
          1,
          null,
          1,
          1,
          1,
          1,
          1,
          null,
          null,
          null,
          null
        ]
      },
      "/Users/elifuchsman/Turing/mod3_directory/projects/lunch_and_learn/app/services/rest_countries_service.rb": {
        "lines": [
          1,
          null,
          1,
          11,
          null,
          null,
          1,
          11,
          11,
          null,
          null
        ]
      },
      "/Users/elifuchsman/Turing/mod3_directory/projects/lunch_and_learn/app/controllers/api/v1/recipes_controller.rb": {
        "lines": [
          1,
          null,
          1,
          2,
          2,
          2,
          2,
          0,
          2,
          2,
          null,
          0,
          null,
          null,
          null,
          2,
          0,
          0,
          0,
          0,
          0,
          null,
          0,
          null,
          null,
          null,
          null
        ]
      },
      "/Users/elifuchsman/Turing/mod3_directory/projects/lunch_and_learn/app/controllers/application_controller.rb": {
        "lines": [
          1,
          null
        ]
      }
    },
    "timestamp": 1673748290
  }
}
